<?xml version="1.0" encoding="UTF-8" ?>
<testsuite tests="5" failures="0" name="org.seckill.service.SeckillServiceTest" time="0.116" errors="0" skipped="0">
  <properties>
[...]
</properties>
  <testcase classname="org.seckill.service.SeckillServiceTest" name="testSeckillLogic" time="0.101"/>
  <testcase classname="org.seckill.service.SeckillServiceTest" name="testExportSeckillUrl" time="0.015"/>
  <testcase classname="org.seckill.service.SeckillServiceTest" name="testGetById" time="0"/>
  <testcase classname="org.seckill.service.SeckillServiceTest" name="testExecuteSeckill" time="0"/>
  <testcase classname="org.seckill.service.SeckillServiceTest" name="testGetSeckillList" time="0"/>
</testsuite>